0 info it worked if it ends with ok
1 verbose cli [ 'C:\\nodejs\\node.exe',
1 verbose cli   'C:\\nodejs\\node_modules\\npm\\bin\\npm-cli.js',
1 verbose cli   'start' ]
2 info using npm@3.10.10
3 info using node@v6.11.0
4 verbose run-script [ 'prestart', 'start', 'poststart' ]
5 info lifecycle QACinema-server@0.0.1~prestart: QACinema-server@0.0.1
6 silly lifecycle QACinema-server@0.0.1~prestart: no script for prestart, continuing
7 info lifecycle QACinema-server@0.0.1~start: QACinema-server@0.0.1
8 verbose lifecycle QACinema-server@0.0.1~start: unsafe-perm in lifecycle true
9 verbose lifecycle QACinema-server@0.0.1~start: PATH: C:\nodejs\node_modules\npm\bin\node-gyp-bin;C:\Users\Administrator\Desktop\CIN git\CinemoreCinemaProject\node_modules\.bin;C:\ProgramData\Oracle\Java\javapath;C:\Windows\system32;C:\Windows;C:\Windows\System32\Wbem;C:\Windows\System32\WindowsPowerShell\v1.0\;C:\Program Files (x86)\jdk18\bin;C:\HashiCorp\Vagrant\bin;C:\nodejs\;C:\Users\Administrator\AppData\Roaming\npm
10 verbose lifecycle QACinema-server@0.0.1~start: CWD: C:\Users\Administrator\Desktop\CIN git\CinemoreCinemaProject
11 silly lifecycle QACinema-server@0.0.1~start: Args: [ '/d /s /c',
11 silly lifecycle   'concurrently "npm run server" "npm run client" "gulp watch"' ]
12 silly lifecycle QACinema-server@0.0.1~start: Returned: code: 3221225786  signal: null
13 info lifecycle QACinema-server@0.0.1~start: Failed to exec start script
14 verbose stack Error: QACinema-server@0.0.1 start: `concurrently "npm run server" "npm run client" "gulp watch"`
14 verbose stack Exit status 3221225786
14 verbose stack     at EventEmitter.<anonymous> (C:\nodejs\node_modules\npm\lib\utils\lifecycle.js:255:16)
14 verbose stack     at emitTwo (events.js:106:13)
14 verbose stack     at EventEmitter.emit (events.js:191:7)
14 verbose stack     at ChildProcess.<anonymous> (C:\nodejs\node_modules\npm\lib\utils\spawn.js:40:14)
14 verbose stack     at emitTwo (events.js:106:13)
14 verbose stack     at ChildProcess.emit (events.js:191:7)
14 verbose stack     at maybeClose (internal/child_process.js:891:16)
14 verbose stack     at Process.ChildProcess._handle.onexit (internal/child_process.js:226:5)
15 verbose pkgid QACinema-server@0.0.1
16 verbose cwd C:\Users\Administrator\Desktop\CIN git\CinemoreCinemaProject
17 error Windows_NT 6.1.7601
18 error argv "C:\\nodejs\\node.exe" "C:\\nodejs\\node_modules\\npm\\bin\\npm-cli.js" "start"
19 error node v6.11.0
20 error npm  v3.10.10
21 error code ELIFECYCLE
22 error QACinema-server@0.0.1 start: `concurrently "npm run server" "npm run client" "gulp watch"`
22 error Exit status 3221225786
23 error Failed at the QACinema-server@0.0.1 start script 'concurrently "npm run server" "npm run client" "gulp watch"'.
23 error Make sure you have the latest version of node.js and npm installed.
23 error If you do, this is most likely a problem with the QACinema-server package,
23 error not with npm itself.
23 error Tell the author that this fails on your system:
23 error     concurrently "npm run server" "npm run client" "gulp watch"
23 error You can get information on how to open an issue for this project with:
23 error     npm bugs QACinema-server
23 error Or if that isn't available, you can get their info via:
23 error     npm owner ls QACinema-server
23 error There is likely additional logging output above.
24 verbose exit [ 1, true ]
